<?xml version="1.0" encoding="UTF-8" ?>
<testsuite tests="15" failures="0" name="pageController.Regressao" time="263.223" errors="0" skipped="0">
  <properties>
    <property name="java.runtime.name" value="Java(TM) SE Runtime Environment"/>
    <property name="sun.boot.library.path" value="C:\Program Files\Java\jdk1.8.0_171\jre\bin"/>
    <property name="java.vm.version" value="25.171-b11"/>
    <property name="java.vm.vendor" value="Oracle Corporation"/>
    <property name="maven.multiModuleProjectDirectory" value="E:\GCP"/>
    <property name="java.vendor.url" value="http://java.oracle.com/"/>
    <property name="path.separator" value=";"/>
    <property name="guice.disable.misplaced.annotation.check" value="true"/>
    <property name="java.vm.name" value="Java HotSpot(TM) 64-Bit Server VM"/>
    <property name="file.encoding.pkg" value="sun.io"/>
    <property name="user.script" value=""/>
    <property name="user.country" value="BR"/>
    <property name="sun.java.launcher" value="SUN_STANDARD"/>
    <property name="sun.os.patch.level" value=""/>
    <property name="test" value="pageController.Regressao"/>
    <property name="java.vm.specification.name" value="Java Virtual Machine Specification"/>
    <property name="user.dir" value="E:\GCP"/>
    <property name="java.runtime.version" value="1.8.0_171-b11"/>
    <property name="java.awt.graphicsenv" value="sun.awt.Win32GraphicsEnvironment"/>
    <property name="java.endorsed.dirs" value="C:\Program Files\Java\jdk1.8.0_171\jre\lib\endorsed"/>
    <property name="os.arch" value="amd64"/>
    <property name="java.io.tmpdir" value="C:\Users\EDUARD~1.LAN\AppData\Local\Temp\"/>
    <property name="line.separator" value="
"/>
    <property name="java.vm.specification.vendor" value="Oracle Corporation"/>
    <property name="user.variant" value=""/>
    <property name="os.name" value="Windows 10"/>
    <property name="classworlds.conf" value="C:\Program Files\maven\bin\..\bin\m2.conf"/>
    <property name="sun.jnu.encoding" value="Cp1252"/>
    <property name="java.library.path" value="C:\Program Files\Java\jdk1.8.0_171\bin;C:\WINDOWS\Sun\Java\bin;C:\WINDOWS\system32;C:\WINDOWS;C:\Program Files (x86)\Common Files\Oracle\Java\javapath;C:\Program Files\Docker\Docker\Resources\bin;C:\Informatica\9.5.1\clients\DT\bin;C:\Informatica\9.5.1\clients\tools\datadirect;C:\Informatica\9.5.1\clients\tools\odbcdrv;C:\ProgramData\Oracle\Java\javapath;C:\Program Files\Microsoft MPI\Bin\;C:\Oracle\client\32-bits\product\11.2.0\client_1\bin;C:\Program Files (x86)\Intel\iCLS Client\;C:\Program Files\Intel\iCLS Client\;C:\WINDOWS\system32;C:\WINDOWS;C:\WINDOWS\System32\Wbem;C:\WINDOWS\System32\WindowsPowerShell\v1.0\;C:\Program Files\Intel\Intel(R) Management Engine Components\DAL;C:\Program Files\Intel\Intel(R) Management Engine Components\IPT;C:\Program Files (x86)\Intel\Intel(R) Management Engine Components\DAL;C:\Program Files (x86)\Intel\Intel(R) Management Engine Components\IPT;C:\Program Files (x86)\AMD\ATI.ACE\Core-Static;C:\Program Files (x86)\Skype\Phone\;C:\Program Files\PuTTY\;C:\Program Files\maven\bin;C:\Program Files\dotnet\;C:\Program Files\Microsoft SQL Server\130\Tools\Binn\;C:\Program Files\Git\cmd;C:\Program Files\Java\jdk1.8.0_171\bin;C:\Users\eduardo.lana\.m2\repository\junit\junit\4.12\junit-4.12.jar;C:\sdktools;C:\Users\eduardo.lana\AppData\Roaming\nvm;C:\Program Files\nodejs;;C:\WINDOWS\System32\OpenSSH\;C:\Users\eduardo.lana\AppData\Local\Programs\Python\Python36-32\Scripts\;C:\Users\eduardo.lana\AppData\Local\Programs\Python\Python36-32\;C:\Users\eduardo.lana\AppData\Local\Microsoft\WindowsApps;C:\Program Files\Java\jdk1.8.0_171\lib\tools.jar;C:\Program Files\Microsoft VS Code\bin;."/>
    <property name="maven.conf" value="C:\Program Files\maven\bin\../conf"/>
    <property name="java.specification.name" value="Java Platform API Specification"/>
    <property name="java.class.version" value="52.0"/>
    <property name="sun.management.compiler" value="HotSpot 64-Bit Tiered Compilers"/>
    <property name="os.version" value="10.0"/>
    <property name="library.jansi.path" value="C:\Program Files\maven\bin\..\lib\jansi-native"/>
    <property name="user.home" value="C:\Users\eduardo.lana"/>
    <property name="user.timezone" value="America/Sao_Paulo"/>
    <property name="java.awt.printerjob" value="sun.awt.windows.WPrinterJob"/>
    <property name="java.specification.version" value="1.8"/>
    <property name="file.encoding" value="Cp1252"/>
    <property name="user.name" value="eduardo.lana"/>
    <property name="java.class.path" value="C:\Program Files\maven\bin\..\boot\plexus-classworlds-2.5.2.jar"/>
    <property name="java.vm.specification.version" value="1.8"/>
    <property name="sun.arch.data.model" value="64"/>
    <property name="java.home" value="C:\Program Files\Java\jdk1.8.0_171\jre"/>
    <property name="sun.java.command" value="org.codehaus.plexus.classworlds.launcher.Launcher test -Dtest=pageController.Regressao"/>
    <property name="java.specification.vendor" value="Oracle Corporation"/>
    <property name="user.language" value="pt"/>
    <property name="awt.toolkit" value="sun.awt.windows.WToolkit"/>
    <property name="java.vm.info" value="mixed mode"/>
    <property name="java.version" value="1.8.0_171"/>
    <property name="java.ext.dirs" value="C:\Program Files\Java\jdk1.8.0_171\jre\lib\ext;C:\WINDOWS\Sun\Java\lib\ext"/>
    <property name="sun.boot.class.path" value="C:\Program Files\Java\jdk1.8.0_171\jre\lib\resources.jar;C:\Program Files\Java\jdk1.8.0_171\jre\lib\rt.jar;C:\Program Files\Java\jdk1.8.0_171\jre\lib\sunrsasign.jar;C:\Program Files\Java\jdk1.8.0_171\jre\lib\jsse.jar;C:\Program Files\Java\jdk1.8.0_171\jre\lib\jce.jar;C:\Program Files\Java\jdk1.8.0_171\jre\lib\charsets.jar;C:\Program Files\Java\jdk1.8.0_171\jre\lib\jfr.jar;C:\Program Files\Java\jdk1.8.0_171\jre\classes"/>
    <property name="sun.stderr.encoding" value="cp850"/>
    <property name="java.vendor" value="Oracle Corporation"/>
    <property name="maven.home" value="C:\Program Files\maven\bin\.."/>
    <property name="file.separator" value="\"/>
    <property name="java.vendor.url.bug" value="http://bugreport.sun.com/bugreport/"/>
    <property name="sun.cpu.endian" value="little"/>
    <property name="sun.io.unicode.encoding" value="UnicodeLittle"/>
    <property name="sun.desktop" value="windows"/>
    <property name="sun.cpu.isalist" value="amd64"/>
  </properties>
  <testcase classname="pageController.Regressao" name="AAInserirAbrang" time="25.225"/>
  <testcase classname="pageController.Regressao" name="BAprovarRascunhoAbrang" time="16.253"/>
  <testcase classname="pageController.Regressao" name="CancelarAbrangLog" time="10.036"/>
  <testcase classname="pageController.Regressao" name="_03InserirAbrangLog" time="29.402"/>
  <testcase classname="pageController.Regressao" name="_05AprovarRascunhoAbrangLog" time="12.953"/>
  <testcase classname="pageController.Regressao" name="_06SalvarAbrangLog" time="37.066"/>
  <testcase classname="pageController.Regressao" name="_07ExcluiRascunhoLog" time="12.351"/>
  <testcase classname="pageController.Regressao" name="_08InserirPreco" time="20.727"/>
  <testcase classname="pageController.Regressao" name="_09AprovarPreco" time="18.369"/>
  <testcase classname="pageController.Regressao" name="_12CancelarPreco" time="13.767"/>
  <testcase classname="pageController.Regressao" name="_12SalvarPreco" time="14.363"/>
  <testcase classname="pageController.Regressao" name="_13ExcluiPreco" time="12.067"/>
  <testcase classname="pageController.Regressao" name="_15SalvarAbrang" time="17.127"/>
  <testcase classname="pageController.Regressao" name="_16ExcluiRascunhoAbrang" time="12.122"/>
  <testcase classname="pageController.Regressao" name="_16cancelarAbrang" time="11.395"/>
</testsuite>